[2024-10-29 20:42:21.545845] [error] NuMail Server Error 7.7.0: NuMail DNS resolver error, "'ares_query_txt_result' object has no attribute 'priority'"
[2024-10-29 20:45:36.469255] [error] NuMail Server Error 7.7.0: NuMail DNS resolver error, "'ares_query_txt_result' object has no attribute 'priority'"
[2024-10-29 20:48:50.678266] [error] NuMail Server Error 7.7.0: NuMail DNS resolver error, "'ares_query_txt_result' object has no attribute 'priority'"
[2024-10-30 02:46:39.601305] [error] NuMail Server Error 7.7.2: NuMail DNS resolver error, "(4, 'Domain name not found')"
[2024-10-30 02:49:12.312383] [error] NuMail Server Error 7.7.2: NuMail DNS resolver error, "(4, 'Domain name not found')"
[2024-10-30 02:50:24.110741] [error] NuMail Server Error 7.7.2: NuMail DNS resolver error, "(4, 'Domain name not found')"
[2024-10-30 02:53:33.117512] [error] NuMail Server Error 7.7.2: NuMail DNS resolver error, "(4, 'Domain name not found')"
[2024-10-30 14:46:12.612119] [error] NuMail Server Error 7.7.3: NuMail DNS resolver error, "(1, 'DNS server returned answer with no data')"
[2024-11-03 23:37:57.944029] [error] NuMail Server Error 7.7.2: NuMail DNS resolver error, "(4, 'Domain name not found')"
[2024-11-03 23:39:50.109922] [error] NuMail Server Error 7.7.2: NuMail DNS resolver error, "(4, 'Domain name not found')"
[2024-11-03 23:42:04.700695] [error] NuMail Server Error 7.7.2: NuMail DNS resolver error, "(4, 'Domain name not found')"
[2024-11-03 23:57:25.131332] [error] NuMail Server Error 7.7.2: NuMail DNS resolver error, "(4, 'Domain name not found')"
[2024-11-03 23:58:51.961137] [error] NuMail Server Error 7.7.2: NuMail DNS resolver error, "(4, 'Domain name not found')"
[2024-11-04 01:45:54.214208] [error] NuMail Server Error 7.7.2: NuMail DNS resolver error, "(4, 'Domain name not found')"
[2024-11-04 01:46:24.368013] [error] NuMail Server Error 7.7.2: NuMail DNS resolver error, "(4, 'Domain name not found')"
[2024-11-04 01:51:17.995595] [error] NuMail Server Error 7.7.2: NuMail DNS resolver error, "(4, 'Domain name not found')"
[2024-11-04 02:08:43.635151] [error] NuMail Server Error 7.7.2: NuMail DNS resolver error, "(4, 'Domain name not found')"
[2024-11-04 02:10:16.833952] [error] NuMail Server Error 7.7.2: NuMail DNS resolver error, "(4, 'Domain name not found')"
[2024-11-04 02:12:07.870929] [error] NuMail Server Error 7.7.2: NuMail DNS resolver error, "(4, 'Domain name not found')"
[2024-11-04 02:12:57.442981] [error] NuMail Server Error 7.7.2: NuMail DNS resolver error, "(4, 'Domain name not found')"
[2024-11-04 02:19:18.217935] [error] NuMail Server Error 7.7.2: NuMail DNS resolver error, "(4, 'Domain name not found')"
[2024-11-04 02:24:18.226865] [error] NuMail Server Error 7.6.5: Connection timeout
[2024-11-04 02:34:15.173893] [error] NuMail Server Error 7.7.2: NuMail DNS resolver error, "(4, 'Domain name not found')"
[2024-11-04 02:38:11.262845] [error] NuMail Server Error 7.7.2: NuMail DNS resolver error, "(4, 'Domain name not found')"
[2024-11-04 02:38:16.273282] [error] NuMail Server Error 7.6.5: Connection timeout
[2024-11-04 02:39:31.840248] [error] NuMail Server Error 7.7.2: NuMail DNS resolver error, "(4, 'Domain name not found')"
[2024-11-04 02:41:58.947753] [error] NuMail Server Error 7.7.2: NuMail DNS resolver error, "(4, 'Domain name not found')"
[2024-11-04 02:42:45.913940] [error] NuMail Server Error 7.7.2: NuMail DNS resolver error, "(4, 'Domain name not found')"
[2024-11-04 02:44:01.620919] [error] NuMail Server Error 7.7.2: NuMail DNS resolver error, "(4, 'Domain name not found')"
[2024-11-04 11:26:17.892663] [error] NuMail Server Error 7.7.2: NuMail DNS resolver error, "(4, 'Domain name not found')"
[2024-11-04 11:26:17.910286] [error] NuMail Server Error 7.8.1: NuMail reader error, "invalid NuMail line"
[2024-11-04 11:26:17.910491] [error] NuMail Server Error 7.8.0: NuMail init error, "NuMail Server Error 7.8.1: NuMail reader error, "invalid NuMail line""
[2024-11-04 11:28:32.257308] [error] NuMail Server Error 7.7.2: NuMail DNS resolver error, "(4, 'Domain name not found')"
[2024-11-04 11:28:32.263718] [error] NuMail Server Error 7.8.1: NuMail reader error, "invalid NuMail line"
[2024-11-04 11:28:32.263938] [error] NuMail Server Error 7.8.0: NuMail init error, "NuMail Server Error 7.8.1: NuMail reader error, "invalid NuMail line""
[2024-11-04 11:29:38.415710] [error] NuMail Server Error 7.7.2: NuMail DNS resolver error, "(4, 'Domain name not found')"
[2024-11-04 11:29:38.419789] [error] NuMail Server Error 7.8.1: NuMail reader error, "invalid NuMail line"
[2024-11-04 11:29:38.419949] [error] NuMail Server Error 7.8.0: NuMail init error1, "NuMail Server Error 7.8.1: NuMail reader error, "invalid NuMail line""
[2024-11-04 11:30:38.960534] [error] NuMail Server Error 7.7.2: NuMail DNS resolver error, "(4, 'Domain name not found')"
[2024-11-04 11:30:38.965074] [error] NuMail Server Error 7.8.1: NuMail reader error, "invalid NuMail line"
[2024-11-04 11:30:38.965268] [error] NuMail Server Error 7.8.0: NuMail init error1, "NuMail Server Error 7.8.1: NuMail reader error, "invalid NuMail line""
[2024-11-04 11:31:24.613225] [error] NuMail Server Error 7.7.2: NuMail DNS resolver error, "(4, 'Domain name not found')"
[2024-11-04 11:31:24.619419] [error] NuMail Server Error 7.8.1: NuMail reader error, "invalid NuMail line"
[2024-11-04 11:31:24.619555] [error] NuMail Server Error 7.8.0: NuMail init error1, "NuMail Server Error 7.8.1: NuMail reader error, "invalid NuMail line""
[2024-11-04 11:32:57.405077] [error] NuMail Server Error 7.7.2: NuMail DNS resolver error, "(4, 'Domain name not found')"
[2024-11-04 11:32:57.410660] [error] NuMail Server Error 7.8.0: NuMail init error
[2024-11-04 11:33:47.910021] [error] NuMail Server Error 7.7.2: NuMail DNS resolver error, "(4, 'Domain name not found')"
[2024-11-04 11:33:47.915876] [error] NuMail Server Error 7.8.0: NuMail init error2
[2024-11-04 11:34:48.513433] [error] NuMail Server Error 7.7.2: NuMail DNS resolver error, "(4, 'Domain name not found')"
[2024-11-04 11:35:36.742936] [error] NuMail Server Error 7.7.2: NuMail DNS resolver error, "(4, 'Domain name not found')"
[2024-11-04 11:57:31.226718] [error] NuMail Server Error 7.7.2: NuMail DNS resolver error, "(4, 'Domain name not found')"
[2024-11-04 11:57:31.266505] [error] NuMail Server Error 7.7.2: NuMail DNS resolver error, "(4, 'Domain name not found')"
[2024-11-04 11:57:31.334562] [error] NuMail Server Error 7.7.2: NuMail DNS resolver error, "(4, 'Domain name not found')"
[2024-11-04 11:57:31.357802] [error] NuMail Server Error 7.7.2: NuMail DNS resolver error, "(4, 'Domain name not found')"
[2024-11-04 11:57:31.447610] [error] NuMail Server Error 7.7.2: NuMail DNS resolver error, "(4, 'Domain name not found')"
[2024-11-04 11:57:31.469702] [error] NuMail Server Error 7.7.2: NuMail DNS resolver error, "(4, 'Domain name not found')"
[2024-11-04 11:57:31.492553] [error] NuMail Server Error 7.7.2: NuMail DNS resolver error, "(4, 'Domain name not found')"
[2024-11-04 11:57:31.579644] [error] NuMail Server Error 7.7.2: NuMail DNS resolver error, "(4, 'Domain name not found')"
[2024-11-04 11:57:31.603542] [error] NuMail Server Error 7.7.2: NuMail DNS resolver error, "(4, 'Domain name not found')"
[2024-11-04 11:57:31.629107] [error] NuMail Server Error 7.7.2: NuMail DNS resolver error, "(4, 'Domain name not found')"
[2024-11-04 11:57:31.650783] [error] NuMail Server Error 7.7.2: NuMail DNS resolver error, "(4, 'Domain name not found')"
[2024-11-04 11:57:31.674118] [error] NuMail Server Error 7.7.2: NuMail DNS resolver error, "(4, 'Domain name not found')"
[2024-11-04 11:57:31.694943] [error] NuMail Server Error 7.7.2: NuMail DNS resolver error, "(4, 'Domain name not found')"
[2024-11-04 11:57:31.715562] [error] NuMail Server Error 7.7.2: NuMail DNS resolver error, "(4, 'Domain name not found')"
[2024-11-04 11:57:31.737539] [error] NuMail Server Error 7.7.2: NuMail DNS resolver error, "(4, 'Domain name not found')"
[2024-11-04 11:57:31.767231] [error] NuMail Server Error 7.7.2: NuMail DNS resolver error, "(4, 'Domain name not found')"
[2024-11-04 11:57:31.789286] [error] NuMail Server Error 7.7.2: NuMail DNS resolver error, "(4, 'Domain name not found')"
[2024-11-04 11:57:31.855767] [error] NuMail Server Error 7.7.2: NuMail DNS resolver error, "(4, 'Domain name not found')"
[2024-11-04 11:57:31.878913] [error] NuMail Server Error 7.7.2: NuMail DNS resolver error, "(4, 'Domain name not found')"
[2024-11-04 11:57:31.902242] [error] NuMail Server Error 7.7.2: NuMail DNS resolver error, "(4, 'Domain name not found')"
[2024-11-04 11:57:31.924273] [error] NuMail Server Error 7.7.2: NuMail DNS resolver error, "(4, 'Domain name not found')"
[2024-11-04 11:57:31.945090] [error] NuMail Server Error 7.7.2: NuMail DNS resolver error, "(4, 'Domain name not found')"
[2024-11-04 11:57:31.962956] [error] NuMail Server Error 7.7.2: NuMail DNS resolver error, "(4, 'Domain name not found')"
[2024-11-04 11:57:31.985422] [error] NuMail Server Error 7.7.2: NuMail DNS resolver error, "(4, 'Domain name not found')"
[2024-11-04 11:57:32.005042] [error] NuMail Server Error 7.7.2: NuMail DNS resolver error, "(4, 'Domain name not found')"
[2024-11-04 11:57:32.027682] [error] NuMail Server Error 7.7.2: NuMail DNS resolver error, "(4, 'Domain name not found')"
[2024-11-04 11:57:32.045994] [error] NuMail Server Error 7.7.2: NuMail DNS resolver error, "(4, 'Domain name not found')"
[2024-11-04 11:57:32.068682] [error] NuMail Server Error 7.7.2: NuMail DNS resolver error, "(4, 'Domain name not found')"
[2024-11-04 11:57:32.087281] [error] NuMail Server Error 7.7.2: NuMail DNS resolver error, "(4, 'Domain name not found')"
[2024-11-04 11:57:32.106727] [error] NuMail Server Error 7.7.2: NuMail DNS resolver error, "(4, 'Domain name not found')"
[2024-11-04 11:57:32.124326] [error] NuMail Server Error 7.7.2: NuMail DNS resolver error, "(4, 'Domain name not found')"
[2024-11-04 11:57:32.143013] [error] NuMail Server Error 7.7.2: NuMail DNS resolver error, "(4, 'Domain name not found')"
[2024-11-04 11:57:32.168745] [error] NuMail Server Error 7.7.2: NuMail DNS resolver error, "(4, 'Domain name not found')"
[2024-11-04 11:57:32.187618] [error] NuMail Server Error 7.7.2: NuMail DNS resolver error, "(4, 'Domain name not found')"
[2024-11-04 11:57:32.204916] [error] NuMail Server Error 7.7.2: NuMail DNS resolver error, "(4, 'Domain name not found')"
[2024-11-04 11:57:32.222218] [error] NuMail Server Error 7.7.2: NuMail DNS resolver error, "(4, 'Domain name not found')"
[2024-11-04 11:57:32.245637] [error] NuMail Server Error 7.7.2: NuMail DNS resolver error, "(4, 'Domain name not found')"
[2024-11-04 11:57:32.263636] [error] NuMail Server Error 7.7.2: NuMail DNS resolver error, "(4, 'Domain name not found')"
[2024-11-04 11:57:32.282433] [error] NuMail Server Error 7.7.2: NuMail DNS resolver error, "(4, 'Domain name not found')"
[2024-11-04 11:57:32.300042] [error] NuMail Server Error 7.7.2: NuMail DNS resolver error, "(4, 'Domain name not found')"
[2024-11-04 11:57:32.319136] [error] NuMail Server Error 7.7.2: NuMail DNS resolver error, "(4, 'Domain name not found')"
[2024-11-04 11:57:32.338056] [error] NuMail Server Error 7.7.2: NuMail DNS resolver error, "(4, 'Domain name not found')"
[2024-11-04 11:57:32.359133] [error] NuMail Server Error 7.7.2: NuMail DNS resolver error, "(4, 'Domain name not found')"
[2024-11-04 11:57:32.376238] [error] NuMail Server Error 7.7.2: NuMail DNS resolver error, "(4, 'Domain name not found')"
[2024-11-04 11:57:32.394676] [error] NuMail Server Error 7.7.2: NuMail DNS resolver error, "(4, 'Domain name not found')"
[2024-11-04 11:57:32.413263] [error] NuMail Server Error 7.7.2: NuMail DNS resolver error, "(4, 'Domain name not found')"
[2024-11-04 11:57:32.430859] [error] NuMail Server Error 7.7.2: NuMail DNS resolver error, "(4, 'Domain name not found')"
[2024-11-04 11:57:32.449994] [error] NuMail Server Error 7.7.2: NuMail DNS resolver error, "(4, 'Domain name not found')"
[2024-11-04 11:57:32.469955] [error] NuMail Server Error 7.7.2: NuMail DNS resolver error, "(4, 'Domain name not found')"
[2024-11-04 11:57:32.492559] [error] NuMail Server Error 7.7.2: NuMail DNS resolver error, "(4, 'Domain name not found')"
[2024-11-04 11:57:32.512527] [error] NuMail Server Error 7.7.2: NuMail DNS resolver error, "(4, 'Domain name not found')"
[2024-11-04 11:57:32.530640] [error] NuMail Server Error 7.7.2: NuMail DNS resolver error, "(4, 'Domain name not found')"
[2024-11-04 11:57:32.552322] [error] NuMail Server Error 7.7.2: NuMail DNS resolver error, "(4, 'Domain name not found')"
[2024-11-04 11:57:32.572743] [error] NuMail Server Error 7.7.2: NuMail DNS resolver error, "(4, 'Domain name not found')"
[2024-11-04 11:57:32.594191] [error] NuMail Server Error 7.7.2: NuMail DNS resolver error, "(4, 'Domain name not found')"
[2024-11-04 11:57:32.611070] [error] NuMail Server Error 7.7.2: NuMail DNS resolver error, "(4, 'Domain name not found')"
[2024-11-04 11:57:32.630421] [error] NuMail Server Error 7.7.2: NuMail DNS resolver error, "(4, 'Domain name not found')"
[2024-11-04 11:57:32.647867] [error] NuMail Server Error 7.7.2: NuMail DNS resolver error, "(4, 'Domain name not found')"
[2024-11-04 11:57:32.666263] [error] NuMail Server Error 7.7.2: NuMail DNS resolver error, "(4, 'Domain name not found')"
[2024-11-04 11:57:32.685696] [error] NuMail Server Error 7.7.2: NuMail DNS resolver error, "(4, 'Domain name not found')"
[2024-11-04 11:57:32.704509] [error] NuMail Server Error 7.7.2: NuMail DNS resolver error, "(4, 'Domain name not found')"
[2024-11-04 11:57:32.723126] [error] NuMail Server Error 7.7.2: NuMail DNS resolver error, "(4, 'Domain name not found')"
[2024-11-04 11:57:32.748536] [error] NuMail Server Error 7.7.2: NuMail DNS resolver error, "(4, 'Domain name not found')"
[2024-11-04 11:57:32.771684] [error] NuMail Server Error 7.7.2: NuMail DNS resolver error, "(4, 'Domain name not found')"
[2024-11-04 11:57:32.790246] [error] NuMail Server Error 7.7.2: NuMail DNS resolver error, "(4, 'Domain name not found')"
[2024-11-04 11:57:32.808263] [error] NuMail Server Error 7.7.2: NuMail DNS resolver error, "(4, 'Domain name not found')"
[2024-11-04 11:57:32.825322] [error] NuMail Server Error 7.7.2: NuMail DNS resolver error, "(4, 'Domain name not found')"
[2024-11-04 11:57:32.844211] [error] NuMail Server Error 7.7.2: NuMail DNS resolver error, "(4, 'Domain name not found')"
[2024-11-04 11:57:32.863309] [error] NuMail Server Error 7.7.2: NuMail DNS resolver error, "(4, 'Domain name not found')"
[2024-11-04 11:57:32.882024] [error] NuMail Server Error 7.7.2: NuMail DNS resolver error, "(4, 'Domain name not found')"
[2024-11-04 11:57:32.901148] [error] NuMail Server Error 7.7.2: NuMail DNS resolver error, "(4, 'Domain name not found')"
[2024-11-04 11:57:32.920532] [error] NuMail Server Error 7.7.2: NuMail DNS resolver error, "(4, 'Domain name not found')"
[2024-11-04 11:57:32.939269] [error] NuMail Server Error 7.7.2: NuMail DNS resolver error, "(4, 'Domain name not found')"
[2024-11-04 11:57:32.959111] [error] NuMail Server Error 7.7.2: NuMail DNS resolver error, "(4, 'Domain name not found')"
[2024-11-04 11:57:32.979820] [error] NuMail Server Error 7.7.2: NuMail DNS resolver error, "(4, 'Domain name not found')"
[2024-11-04 11:57:32.997017] [error] NuMail Server Error 7.7.2: NuMail DNS resolver error, "(4, 'Domain name not found')"
[2024-11-04 11:57:33.015988] [error] NuMail Server Error 7.7.2: NuMail DNS resolver error, "(4, 'Domain name not found')"
[2024-11-04 11:57:33.034692] [error] NuMail Server Error 7.7.2: NuMail DNS resolver error, "(4, 'Domain name not found')"
[2024-11-04 11:57:33.055094] [error] NuMail Server Error 7.7.2: NuMail DNS resolver error, "(4, 'Domain name not found')"
[2024-11-04 11:57:33.076548] [error] NuMail Server Error 7.7.2: NuMail DNS resolver error, "(4, 'Domain name not found')"
[2024-11-04 11:57:33.097571] [error] NuMail Server Error 7.7.2: NuMail DNS resolver error, "(4, 'Domain name not found')"
[2024-11-04 11:57:33.119650] [error] NuMail Server Error 7.7.2: NuMail DNS resolver error, "(4, 'Domain name not found')"
[2024-11-04 11:57:33.140231] [error] NuMail Server Error 7.7.2: NuMail DNS resolver error, "(4, 'Domain name not found')"
[2024-11-04 11:57:33.158802] [error] NuMail Server Error 7.7.2: NuMail DNS resolver error, "(4, 'Domain name not found')"
[2024-11-04 11:57:33.179988] [error] NuMail Server Error 7.7.2: NuMail DNS resolver error, "(4, 'Domain name not found')"
[2024-11-04 11:57:33.203243] [error] NuMail Server Error 7.7.2: NuMail DNS resolver error, "(4, 'Domain name not found')"
[2024-11-04 11:57:33.220852] [error] NuMail Server Error 7.7.2: NuMail DNS resolver error, "(4, 'Domain name not found')"
[2024-11-04 11:57:33.240823] [error] NuMail Server Error 7.7.2: NuMail DNS resolver error, "(4, 'Domain name not found')"
[2024-11-04 11:57:33.257777] [error] NuMail Server Error 7.7.2: NuMail DNS resolver error, "(4, 'Domain name not found')"
[2024-11-04 11:57:33.278019] [error] NuMail Server Error 7.7.2: NuMail DNS resolver error, "(4, 'Domain name not found')"
[2024-11-04 11:57:33.296545] [error] NuMail Server Error 7.7.2: NuMail DNS resolver error, "(4, 'Domain name not found')"
[2024-11-04 11:57:33.316772] [error] NuMail Server Error 7.7.2: NuMail DNS resolver error, "(4, 'Domain name not found')"
[2024-11-04 11:57:33.337440] [error] NuMail Server Error 7.7.2: NuMail DNS resolver error, "(4, 'Domain name not found')"
[2024-11-04 11:57:33.358240] [error] NuMail Server Error 7.7.2: NuMail DNS resolver error, "(4, 'Domain name not found')"
[2024-11-04 11:57:33.377081] [error] NuMail Server Error 7.7.2: NuMail DNS resolver error, "(4, 'Domain name not found')"
[2024-11-04 11:57:33.397675] [error] NuMail Server Error 7.7.2: NuMail DNS resolver error, "(4, 'Domain name not found')"
[2024-11-04 11:57:33.417704] [error] NuMail Server Error 7.7.2: NuMail DNS resolver error, "(4, 'Domain name not found')"
[2024-11-04 11:57:33.434521] [error] NuMail Server Error 7.7.2: NuMail DNS resolver error, "(4, 'Domain name not found')"
[2024-11-04 11:57:33.453060] [error] NuMail Server Error 7.7.2: NuMail DNS resolver error, "(4, 'Domain name not found')"
[2024-11-04 11:57:33.473956] [error] NuMail Server Error 7.7.2: NuMail DNS resolver error, "(4, 'Domain name not found')"
[2024-11-04 11:57:33.492683] [error] NuMail Server Error 7.7.2: NuMail DNS resolver error, "(4, 'Domain name not found')"
[2024-11-04 11:57:33.510669] [error] NuMail Server Error 7.7.2: NuMail DNS resolver error, "(4, 'Domain name not found')"
[2024-11-04 11:57:33.530239] [error] NuMail Server Error 7.7.2: NuMail DNS resolver error, "(4, 'Domain name not found')"
[2024-11-04 11:57:33.550739] [error] NuMail Server Error 7.7.2: NuMail DNS resolver error, "(4, 'Domain name not found')"
[2024-11-04 11:57:33.570662] [error] NuMail Server Error 7.7.2: NuMail DNS resolver error, "(4, 'Domain name not found')"
[2024-11-04 11:57:33.592544] [error] NuMail Server Error 7.7.2: NuMail DNS resolver error, "(4, 'Domain name not found')"
[2024-11-04 11:57:33.610214] [error] NuMail Server Error 7.7.2: NuMail DNS resolver error, "(4, 'Domain name not found')"
[2024-11-04 11:57:33.632452] [error] NuMail Server Error 7.7.2: NuMail DNS resolver error, "(4, 'Domain name not found')"
[2024-11-04 11:57:33.654362] [error] NuMail Server Error 7.7.2: NuMail DNS resolver error, "(4, 'Domain name not found')"
[2024-11-04 11:57:33.673566] [error] NuMail Server Error 7.7.2: NuMail DNS resolver error, "(4, 'Domain name not found')"
[2024-11-04 11:57:33.694009] [error] NuMail Server Error 7.7.2: NuMail DNS resolver error, "(4, 'Domain name not found')"
[2024-11-04 11:57:33.717051] [error] NuMail Server Error 7.7.2: NuMail DNS resolver error, "(4, 'Domain name not found')"
[2024-11-04 11:57:33.736382] [error] NuMail Server Error 7.7.2: NuMail DNS resolver error, "(4, 'Domain name not found')"
[2024-11-04 11:57:33.754272] [error] NuMail Server Error 7.7.2: NuMail DNS resolver error, "(4, 'Domain name not found')"
[2024-11-04 11:57:33.774457] [error] NuMail Server Error 7.7.2: NuMail DNS resolver error, "(4, 'Domain name not found')"
[2024-11-04 11:57:33.794397] [error] NuMail Server Error 7.7.2: NuMail DNS resolver error, "(4, 'Domain name not found')"
[2024-11-04 11:57:33.816216] [error] NuMail Server Error 7.7.2: NuMail DNS resolver error, "(4, 'Domain name not found')"
[2024-11-04 11:57:33.839502] [error] NuMail Server Error 7.7.2: NuMail DNS resolver error, "(4, 'Domain name not found')"
[2024-11-04 11:57:33.859386] [error] NuMail Server Error 7.7.2: NuMail DNS resolver error, "(4, 'Domain name not found')"
[2024-11-04 11:57:33.878898] [error] NuMail Server Error 7.7.2: NuMail DNS resolver error, "(4, 'Domain name not found')"
[2024-11-04 11:57:33.899019] [error] NuMail Server Error 7.7.2: NuMail DNS resolver error, "(4, 'Domain name not found')"
[2024-11-04 11:57:33.963582] [error] NuMail Server Error 7.7.2: NuMail DNS resolver error, "(4, 'Domain name not found')"
[2024-11-04 11:57:33.982515] [error] NuMail Server Error 7.7.2: NuMail DNS resolver error, "(4, 'Domain name not found')"
[2024-11-04 11:57:34.004549] [error] NuMail Server Error 7.7.2: NuMail DNS resolver error, "(4, 'Domain name not found')"
[2024-11-04 11:57:34.023929] [error] NuMail Server Error 7.7.2: NuMail DNS resolver error, "(4, 'Domain name not found')"
[2024-11-04 11:57:34.042827] [error] NuMail Server Error 7.7.2: NuMail DNS resolver error, "(4, 'Domain name not found')"
[2024-11-04 11:57:34.073188] [error] NuMail Server Error 7.7.2: NuMail DNS resolver error, "(4, 'Domain name not found')"
[2024-11-04 11:57:34.092489] [error] NuMail Server Error 7.7.2: NuMail DNS resolver error, "(4, 'Domain name not found')"
[2024-11-04 11:57:34.113532] [error] NuMail Server Error 7.7.2: NuMail DNS resolver error, "(4, 'Domain name not found')"
[2024-11-04 11:57:34.134050] [error] NuMail Server Error 7.7.2: NuMail DNS resolver error, "(4, 'Domain name not found')"
[2024-11-04 11:57:34.152670] [error] NuMail Server Error 7.7.2: NuMail DNS resolver error, "(4, 'Domain name not found')"
[2024-11-04 11:57:34.177489] [error] NuMail Server Error 7.7.2: NuMail DNS resolver error, "(4, 'Domain name not found')"
[2024-11-04 11:57:34.197997] [error] NuMail Server Error 7.7.2: NuMail DNS resolver error, "(4, 'Domain name not found')"
[2024-11-04 11:57:34.218492] [error] NuMail Server Error 7.7.2: NuMail DNS resolver error, "(4, 'Domain name not found')"
[2024-11-04 11:57:34.239108] [error] NuMail Server Error 7.7.2: NuMail DNS resolver error, "(4, 'Domain name not found')"
[2024-11-04 11:57:34.259442] [error] NuMail Server Error 7.7.2: NuMail DNS resolver error, "(4, 'Domain name not found')"
[2024-11-04 11:57:34.278782] [error] NuMail Server Error 7.7.2: NuMail DNS resolver error, "(4, 'Domain name not found')"
[2024-11-04 11:57:34.297611] [error] NuMail Server Error 7.7.2: NuMail DNS resolver error, "(4, 'Domain name not found')"
[2024-11-04 11:57:34.316804] [error] NuMail Server Error 7.7.2: NuMail DNS resolver error, "(4, 'Domain name not found')"
[2024-11-04 11:57:34.335996] [error] NuMail Server Error 7.7.2: NuMail DNS resolver error, "(4, 'Domain name not found')"
[2024-11-04 11:57:34.355423] [error] NuMail Server Error 7.7.2: NuMail DNS resolver error, "(4, 'Domain name not found')"
[2024-11-04 11:57:34.379114] [error] NuMail Server Error 7.7.2: NuMail DNS resolver error, "(4, 'Domain name not found')"
[2024-11-04 11:57:34.391373] [error] NuMail Server Error 7.7.2: NuMail DNS resolver error, "(4, 'Domain name not found')"
[2024-11-04 11:57:34.409357] [error] NuMail Server Error 7.7.2: NuMail DNS resolver error, "(4, 'Domain name not found')"
[2024-11-04 11:57:34.429825] [error] NuMail Server Error 7.7.2: NuMail DNS resolver error, "(4, 'Domain name not found')"
[2024-11-04 11:57:34.449001] [error] NuMail Server Error 7.7.2: NuMail DNS resolver error, "(4, 'Domain name not found')"
[2024-11-04 11:57:34.467631] [error] NuMail Server Error 7.7.2: NuMail DNS resolver error, "(4, 'Domain name not found')"
[2024-11-04 11:57:34.482071] [error] NuMail Server Error 7.7.2: NuMail DNS resolver error, "(4, 'Domain name not found')"
[2024-11-04 11:57:34.496717] [error] NuMail Server Error 7.7.2: NuMail DNS resolver error, "(4, 'Domain name not found')"
[2024-11-04 11:57:34.518270] [error] NuMail Server Error 7.7.2: NuMail DNS resolver error, "(4, 'Domain name not found')"
[2024-11-04 11:57:34.537048] [error] NuMail Server Error 7.7.2: NuMail DNS resolver error, "(4, 'Domain name not found')"
[2024-11-04 11:57:34.556825] [error] NuMail Server Error 7.7.2: NuMail DNS resolver error, "(4, 'Domain name not found')"
[2024-11-04 11:57:34.575076] [error] NuMail Server Error 7.7.2: NuMail DNS resolver error, "(4, 'Domain name not found')"
[2024-11-04 11:57:34.592022] [error] NuMail Server Error 7.7.2: NuMail DNS resolver error, "(4, 'Domain name not found')"
[2024-11-04 11:57:34.612308] [error] NuMail Server Error 7.7.2: NuMail DNS resolver error, "(4, 'Domain name not found')"
[2024-11-04 11:57:34.631407] [error] NuMail Server Error 7.7.2: NuMail DNS resolver error, "(4, 'Domain name not found')"
[2024-11-04 11:57:34.650357] [error] NuMail Server Error 7.7.2: NuMail DNS resolver error, "(4, 'Domain name not found')"
[2024-11-04 11:57:34.668962] [error] NuMail Server Error 7.7.2: NuMail DNS resolver error, "(4, 'Domain name not found')"
[2024-11-04 11:57:34.688102] [error] NuMail Server Error 7.7.2: NuMail DNS resolver error, "(4, 'Domain name not found')"
[2024-11-04 11:57:34.707295] [error] NuMail Server Error 7.7.2: NuMail DNS resolver error, "(4, 'Domain name not found')"
[2024-11-04 11:57:34.727904] [error] NuMail Server Error 7.7.2: NuMail DNS resolver error, "(4, 'Domain name not found')"
[2024-11-04 11:57:34.742876] [error] NuMail Server Error 7.7.2: NuMail DNS resolver error, "(4, 'Domain name not found')"
[2024-11-04 11:57:34.757106] [error] NuMail Server Error 7.7.2: NuMail DNS resolver error, "(4, 'Domain name not found')"
[2024-11-04 11:57:34.774475] [error] NuMail Server Error 7.7.2: NuMail DNS resolver error, "(4, 'Domain name not found')"
[2024-11-04 11:57:34.789821] [error] NuMail Server Error 7.7.2: NuMail DNS resolver error, "(4, 'Domain name not found')"
[2024-11-04 11:57:34.803981] [error] NuMail Server Error 7.7.2: NuMail DNS resolver error, "(4, 'Domain name not found')"
[2024-11-04 11:57:34.818614] [error] NuMail Server Error 7.7.2: NuMail DNS resolver error, "(4, 'Domain name not found')"
[2024-11-04 11:57:34.837505] [error] NuMail Server Error 7.7.2: NuMail DNS resolver error, "(4, 'Domain name not found')"
[2024-11-04 11:57:34.856644] [error] NuMail Server Error 7.6.1: Cannot connect to server
[2024-11-04 12:01:43.239629] [error] NuMail Server Error 7.7.2: NuMail DNS resolver error, "(4, 'Domain name not found')"
[2024-11-04 12:01:43.262313] [error] NuMail Server Error 7.7.2: NuMail DNS resolver error, "(4, 'Domain name not found')"
[2024-11-04 12:01:43.282073] [error] NuMail Server Error 7.7.2: NuMail DNS resolver error, "(4, 'Domain name not found')"
[2024-11-04 12:01:43.307718] [error] NuMail Server Error 7.7.2: NuMail DNS resolver error, "(4, 'Domain name not found')"
[2024-11-04 12:01:43.327512] [error] NuMail Server Error 7.7.2: NuMail DNS resolver error, "(4, 'Domain name not found')"
[2024-11-04 12:01:43.352759] [error] NuMail Server Error 7.7.2: NuMail DNS resolver error, "(4, 'Domain name not found')"
[2024-11-04 12:01:43.378604] [error] NuMail Server Error 7.7.2: NuMail DNS resolver error, "(4, 'Domain name not found')"
[2024-11-04 12:01:43.399707] [error] NuMail Server Error 7.7.2: NuMail DNS resolver error, "(4, 'Domain name not found')"
[2024-11-04 12:01:43.420628] [error] NuMail Server Error 7.7.2: NuMail DNS resolver error, "(4, 'Domain name not found')"
[2024-11-04 12:01:43.440389] [error] NuMail Server Error 7.7.2: NuMail DNS resolver error, "(4, 'Domain name not found')"
[2024-11-04 12:01:43.457610] [error] NuMail Server Error 7.7.2: NuMail DNS resolver error, "(4, 'Domain name not found')"
[2024-11-04 12:01:43.481348] [error] NuMail Server Error 7.7.2: NuMail DNS resolver error, "(4, 'Domain name not found')"
[2024-11-04 12:01:43.503778] [error] NuMail Server Error 7.7.2: NuMail DNS resolver error, "(4, 'Domain name not found')"
[2024-11-04 12:01:43.522980] [error] NuMail Server Error 7.7.2: NuMail DNS resolver error, "(4, 'Domain name not found')"
[2024-11-04 12:01:43.540580] [error] NuMail Server Error 7.7.2: NuMail DNS resolver error, "(4, 'Domain name not found')"
[2024-11-04 12:01:43.561521] [error] NuMail Server Error 7.7.2: NuMail DNS resolver error, "(4, 'Domain name not found')"
[2024-11-04 12:01:43.579410] [error] NuMail Server Error 7.7.2: NuMail DNS resolver error, "(4, 'Domain name not found')"
[2024-11-04 12:01:43.597214] [error] NuMail Server Error 7.7.2: NuMail DNS resolver error, "(4, 'Domain name not found')"
[2024-11-04 12:01:43.619373] [error] NuMail Server Error 7.7.2: NuMail DNS resolver error, "(4, 'Domain name not found')"
[2024-11-04 12:01:43.637491] [error] NuMail Server Error 7.7.2: NuMail DNS resolver error, "(4, 'Domain name not found')"
[2024-11-04 12:01:43.654445] [error] NuMail Server Error 7.7.2: NuMail DNS resolver error, "(4, 'Domain name not found')"
[2024-11-04 12:01:43.673311] [error] NuMail Server Error 7.7.2: NuMail DNS resolver error, "(4, 'Domain name not found')"
[2024-11-04 12:01:43.691929] [error] NuMail Server Error 7.7.2: NuMail DNS resolver error, "(4, 'Domain name not found')"
[2024-11-04 12:01:43.710986] [error] NuMail Server Error 7.7.2: NuMail DNS resolver error, "(4, 'Domain name not found')"
[2024-11-04 12:01:43.730662] [error] NuMail Server Error 7.7.2: NuMail DNS resolver error, "(4, 'Domain name not found')"
[2024-11-04 12:01:43.750360] [error] NuMail Server Error 7.7.2: NuMail DNS resolver error, "(4, 'Domain name not found')"
[2024-11-04 12:01:43.770235] [error] NuMail Server Error 7.7.2: NuMail DNS resolver error, "(4, 'Domain name not found')"
[2024-11-04 12:01:43.789451] [error] NuMail Server Error 7.7.2: NuMail DNS resolver error, "(4, 'Domain name not found')"
[2024-11-04 12:01:43.809201] [error] NuMail Server Error 7.7.2: NuMail DNS resolver error, "(4, 'Domain name not found')"
[2024-11-04 12:01:43.825595] [error] NuMail Server Error 7.7.2: NuMail DNS resolver error, "(4, 'Domain name not found')"
[2024-11-04 12:01:43.846349] [error] NuMail Server Error 7.7.2: NuMail DNS resolver error, "(4, 'Domain name not found')"
[2024-11-04 12:01:43.867937] [error] NuMail Server Error 7.7.2: NuMail DNS resolver error, "(4, 'Domain name not found')"
[2024-11-04 12:01:43.892664] [error] NuMail Server Error 7.7.2: NuMail DNS resolver error, "(4, 'Domain name not found')"
[2024-11-04 12:01:43.916258] [error] NuMail Server Error 7.7.2: NuMail DNS resolver error, "(4, 'Domain name not found')"
[2024-11-04 12:01:43.936849] [error] NuMail Server Error 7.7.2: NuMail DNS resolver error, "(4, 'Domain name not found')"
[2024-11-04 12:01:43.957478] [error] NuMail Server Error 7.7.2: NuMail DNS resolver error, "(4, 'Domain name not found')"
[2024-11-04 12:01:43.974172] [error] NuMail Server Error 7.7.2: NuMail DNS resolver error, "(4, 'Domain name not found')"
[2024-11-04 12:01:43.990646] [error] NuMail Server Error 7.7.2: NuMail DNS resolver error, "(4, 'Domain name not found')"
[2024-11-04 12:01:44.010835] [error] NuMail Server Error 7.7.2: NuMail DNS resolver error, "(4, 'Domain name not found')"
[2024-11-04 12:01:44.030187] [error] NuMail Server Error 7.7.2: NuMail DNS resolver error, "(4, 'Domain name not found')"
[2024-11-04 12:01:44.050157] [error] NuMail Server Error 7.7.2: NuMail DNS resolver error, "(4, 'Domain name not found')"
[2024-11-04 12:01:44.067571] [error] NuMail Server Error 7.7.2: NuMail DNS resolver error, "(4, 'Domain name not found')"
[2024-11-04 12:01:44.087752] [error] NuMail Server Error 7.7.2: NuMail DNS resolver error, "(4, 'Domain name not found')"
[2024-11-04 12:01:44.105924] [error] NuMail Server Error 7.7.2: NuMail DNS resolver error, "(4, 'Domain name not found')"
[2024-11-04 12:01:44.124127] [error] NuMail Server Error 7.7.2: NuMail DNS resolver error, "(4, 'Domain name not found')"
[2024-11-04 12:01:44.141717] [error] NuMail Server Error 7.7.2: NuMail DNS resolver error, "(4, 'Domain name not found')"
[2024-11-04 12:01:44.160184] [error] NuMail Server Error 7.7.2: NuMail DNS resolver error, "(4, 'Domain name not found')"
[2024-11-04 12:01:44.179057] [error] NuMail Server Error 7.7.2: NuMail DNS resolver error, "(4, 'Domain name not found')"
[2024-11-04 12:01:44.199607] [error] NuMail Server Error 7.7.2: NuMail DNS resolver error, "(4, 'Domain name not found')"
[2024-11-04 12:01:44.231592] [error] NuMail Server Error 7.7.2: NuMail DNS resolver error, "(4, 'Domain name not found')"
[2024-11-04 12:01:44.254349] [error] NuMail Server Error 7.7.2: NuMail DNS resolver error, "(4, 'Domain name not found')"
[2024-11-04 12:01:44.272816] [error] NuMail Server Error 7.7.2: NuMail DNS resolver error, "(4, 'Domain name not found')"
[2024-11-04 12:01:44.287516] [error] NuMail Server Error 7.7.2: NuMail DNS resolver error, "(4, 'Domain name not found')"
[2024-11-04 12:01:44.305628] [error] NuMail Server Error 7.7.2: NuMail DNS resolver error, "(4, 'Domain name not found')"
[2024-11-04 12:01:44.324229] [error] NuMail Server Error 7.7.2: NuMail DNS resolver error, "(4, 'Domain name not found')"
[2024-11-04 12:01:44.341987] [error] NuMail Server Error 7.7.2: NuMail DNS resolver error, "(4, 'Domain name not found')"
[2024-11-04 12:01:44.369731] [error] NuMail Server Error 7.7.2: NuMail DNS resolver error, "(4, 'Domain name not found')"
[2024-11-04 12:01:44.391575] [error] NuMail Server Error 7.7.2: NuMail DNS resolver error, "(4, 'Domain name not found')"
[2024-11-04 12:01:44.409317] [error] NuMail Server Error 7.7.2: NuMail DNS resolver error, "(4, 'Domain name not found')"
[2024-11-04 12:01:44.428448] [error] NuMail Server Error 7.7.2: NuMail DNS resolver error, "(4, 'Domain name not found')"
[2024-11-04 12:01:44.447195] [error] NuMail Server Error 7.7.2: NuMail DNS resolver error, "(4, 'Domain name not found')"
[2024-11-04 12:01:44.467373] [error] NuMail Server Error 7.7.2: NuMail DNS resolver error, "(4, 'Domain name not found')"
[2024-11-04 12:01:44.488418] [error] NuMail Server Error 7.7.2: NuMail DNS resolver error, "(4, 'Domain name not found')"
[2024-11-04 12:01:44.508329] [error] NuMail Server Error 7.7.2: NuMail DNS resolver error, "(4, 'Domain name not found')"
[2024-11-04 12:01:44.528909] [error] NuMail Server Error 7.7.2: NuMail DNS resolver error, "(4, 'Domain name not found')"
[2024-11-04 12:01:44.549389] [error] NuMail Server Error 7.7.2: NuMail DNS resolver error, "(4, 'Domain name not found')"
[2024-11-04 12:01:44.569493] [error] NuMail Server Error 7.7.2: NuMail DNS resolver error, "(4, 'Domain name not found')"
[2024-11-04 12:01:44.592072] [error] NuMail Server Error 7.6.1: Cannot connect to server
[2024-11-04 12:03:21.291163] [error] NuMail Server Error 7.7.2: NuMail DNS resolver error, "(4, 'Domain name not found')"
[2024-11-04 12:07:52.950084] [error] NuMail Server Error 7.7.2: NuMail DNS resolver error, "(4, 'Domain name not found')"
[2024-11-04 12:11:44.742225] [error] NuMail Server Error 7.7.2: NuMail DNS resolver error, "(4, 'Domain name not found')"
[2024-11-04 12:13:11.592698] [error] NuMail Server Error 7.7.2: NuMail DNS resolver error, "(4, 'Domain name not found')"
[2024-11-04 12:15:36.296190] [error] NuMail Server Error 7.7.2: NuMail DNS resolver error, "(4, 'Domain name not found')"
[2024-11-04 12:17:38.936948] [error] NuMail Server Error 7.7.2: NuMail DNS resolver error, "(4, 'Domain name not found')"
[2024-11-04 12:18:38.275319] [error] NuMail Server Error 7.7.2: NuMail DNS resolver error, "(4, 'Domain name not found')"
[2024-11-04 12:19:07.088702] [error] NuMail Server Error 7.7.2: NuMail DNS resolver error, "(4, 'Domain name not found')"
[2024-11-04 12:20:31.434008] [error] NuMail Server Error 7.7.2: NuMail DNS resolver error, "(4, 'Domain name not found')"
[2024-11-04 12:21:33.122320] [error] NuMail Server Error 7.7.2: NuMail DNS resolver error, "(4, 'Domain name not found')"
[2024-11-10 03:06:05.394422] [error] NuMail Server Error 7.7.3: NuMail DNS resolver error, "(1, 'DNS server returned answer with no data')"
[2024-11-10 03:06:05.408366] [error] NuMail Server Error 7.7.3: NuMail DNS resolver error, "(1, 'DNS server returned answer with no data')"
[2024-11-10 03:07:37.474490] [error] NuMail Server Error 7.7.3: NuMail DNS resolver error, "(1, 'DNS server returned answer with no data')"
[2024-11-10 03:07:37.475591] [error] NuMail Server Error 7.7.3: NuMail DNS resolver error, "(1, 'DNS server returned answer with no data')"
[2024-11-10 03:08:42.260194] [error] NuMail Server Error 7.7.3: NuMail DNS resolver error, "(1, 'DNS server returned answer with no data')"
[2024-11-10 03:08:42.261156] [error] NuMail Server Error 7.7.3: NuMail DNS resolver error, "(1, 'DNS server returned answer with no data')"
[2024-11-10 03:10:07.478490] [error] NuMail Server Error 7.7.3: NuMail DNS resolver error, "(1, 'DNS server returned answer with no data')"
[2024-11-10 03:10:07.479407] [error] NuMail Server Error 7.7.3: NuMail DNS resolver error, "(1, 'DNS server returned answer with no data')"
[2024-11-10 03:11:36.019598] [error] NuMail Server Error 7.7.3: NuMail DNS resolver error, "(1, 'DNS server returned answer with no data')"
[2024-11-10 03:11:36.020533] [error] NuMail Server Error 7.7.3: NuMail DNS resolver error, "(1, 'DNS server returned answer with no data')"
[2024-11-10 03:12:50.601376] [error] NuMail Server Error 7.7.3: NuMail DNS resolver error, "(1, 'DNS server returned answer with no data')"
[2024-11-10 03:12:50.602036] [error] NuMail Server Error 7.7.3: NuMail DNS resolver error, "(1, 'DNS server returned answer with no data')"
[2024-11-10 03:15:08.912051] [error] NuMail Server Error 7.7.3: NuMail DNS resolver error, "(1, 'DNS server returned answer with no data')"
[2024-11-10 03:15:08.912900] [error] NuMail Server Error 7.7.3: NuMail DNS resolver error, "(1, 'DNS server returned answer with no data')"
[2024-11-10 03:16:20.058763] [error] NuMail Server Error 7.7.3: NuMail DNS resolver error, "(1, 'DNS server returned answer with no data')"
[2024-11-10 03:16:20.059599] [error] NuMail Server Error 7.7.3: NuMail DNS resolver error, "(1, 'DNS server returned answer with no data')"
[2024-11-10 03:17:06.381982] [error] NuMail Server Error 7.7.3: NuMail DNS resolver error, "(1, 'DNS server returned answer with no data')"
[2024-11-10 03:17:06.382841] [error] NuMail Server Error 7.7.3: NuMail DNS resolver error, "(1, 'DNS server returned answer with no data')"
[2024-11-10 03:18:54.217921] [error] NuMail Server Error 7.7.3: NuMail DNS resolver error, "(1, 'DNS server returned answer with no data')"
[2024-11-10 03:18:54.218725] [error] NuMail Server Error 7.7.3: NuMail DNS resolver error, "(1, 'DNS server returned answer with no data')"
